<?xml version="1.0" encoding="UTF-8"?>
<!-- Generated by org.testng.reporters.JUnitReportReporter -->
<testsuite hostname="LAPTOP-GVMPPMFO" failures="0" tests="2" name="testPack.verifyuser" time="45.058" errors="0" timestamp="2022-09-24T00:51:39 IST" skipped="0">
  <testcase classname="testPack.verifyuser" name="test123" time="32.057"/>
  <system-out/>
  <testcase classname="testPack.verifyuser" name="test123" time="13.001"/>
  <system-out/>
</testsuite> <!-- testPack.verifyuser -->
