<?xml version="1.0" encoding="UTF-8"?>
<!-- Generated by org.testng.reporters.JUnitReportReporter -->
<testsuite hostname="LAPTOP-GVMPPMFO" failures="0" tests="3" name="testPack.testclass2" time="0.024" errors="0" timestamp="2022-09-22T10:58:57 IST" skipped="0">
  <testcase classname="testPack.testclass2" name="test345" time="0.004"/>
  <system-out/>
  <testcase classname="testPack.testclass2" name="test456" time="0.005"/>
  <system-out/>
  <testcase classname="testPack.testclass2" name="test123" time="0.015"/>
  <system-out/>
</testsuite> <!-- testPack.testclass2 -->
