<?xml version="1.0" encoding="UTF-8"?>
<!-- Generated by org.testng.reporters.JUnitReportReporter -->
<testsuite hostname="LAPTOP-GVMPPMFO" failures="0" tests="3" name="testPack.testclass1" time="0.023" errors="0" timestamp="2022-09-22T10:58:57 IST" skipped="0">
  <testcase classname="testPack.testclass1" name="test345" time="0.007"/>
  <system-out/>
  <testcase classname="testPack.testclass1" name="test456" time="0.012"/>
  <system-out/>
  <testcase classname="testPack.testclass1" name="test123" time="0.004"/>
  <system-out/>
</testsuite> <!-- testPack.testclass1 -->
